<?xml version="1.0" encoding="UTF-8"?>
<!-- Generated by org.testng.reporters.JUnitReportReporter -->
<testsuite skipped="1" hostname="DESKTOP-BJ9S1AE" name="testnng.text" tests="2" failures="0" timestamp="03 Jan 2022 06:56:52 GMT" time="0.008" errors="0">
  <testcase name="test2" time="0.008" classname="testnng.text"/>
  <testcase name="test1" classname="testnng.text">
    <skipped/>
  </testcase> <!-- test1 -->
</testsuite> <!-- testnng.text -->
