<?xml version="1.0" encoding="UTF-8"?>
<!-- Generated by org.testng.reporters.JUnitReportReporter -->
<testsuite skipped="0" hostname="DESKTOP-BJ9S1AE" name="testnng.testnn" tests="2" failures="0" timestamp="02 Jan 2022 15:55:23 GMT" time="0.022" errors="0">
  <testcase name="test2" time="0.002" classname="testnng.testnn"/>
  <testcase name="test1" time="0.020" classname="testnng.testnn"/>
</testsuite> <!-- testnng.testnn -->
