<?xml version="1.0" encoding="UTF-8"?>
<!-- Generated by org.testng.reporters.JUnitReportReporter -->
<testsuite skipped="0" hostname="DESKTOP-BJ9S1AE" name="testnng.tset" tests="2" failures="0" timestamp="02 Jan 2022 16:20:09 GMT" time="0.025" errors="0">
  <testcase name="test12" time="0.000" classname="testnng.tset"/>
  <testcase name="test10" time="0.025" classname="testnng.tset"/>
</testsuite> <!-- testnng.tset -->
