<?xml version="1.0" encoding="UTF-8"?>
<!-- Generated by org.testng.reporters.JUnitReportReporter -->
<testsuite skipped="0" hostname="DESKTOP-BJ9S1AE" name="testnng.ngtes" tests="4" failures="0" timestamp="03 Jan 2022 06:55:19 GMT" time="0.036" errors="0">
  <testcase name="test2" time="0.026" classname="testnng.ngtes"/>
  <testcase name="test1" time="0.004" classname="testnng.ngtes"/>
  <testcase name="test1" time="0.003" classname="testnng.ngtes"/>
  <testcase name="test1" time="0.003" classname="testnng.ngtes"/>
</testsuite> <!-- testnng.ngtes -->
